#
# There is insufficient memory for the Java Runtime Environment to continue.
# Native memory allocation (malloc) failed to allocate 1295616 bytes for Chunk::new
# Possible reasons:
#   The system is out of physical RAM or swap space
#   In 32 bit mode, the process size limit was hit
# Possible solutions:
#   Reduce memory load on the system
#   Increase physical memory or swap space
#   Check if swap backing store is full
#   Use 64 bit Java on a 64 bit OS
#   Decrease Java heap size (-Xmx/-Xms)
#   Decrease number of Java threads
#   Decrease Java thread stack sizes (-Xss)
#   Set larger code cache with -XX:ReservedCodeCacheSize=
# This output file may be truncated or incomplete.
#
#  Out of Memory Error (allocation.cpp:390), pid=7664, tid=6516
#
# JRE version: Java(TM) SE Runtime Environment (8.0_25-b18) (build 1.8.0_25-b18)
# Java VM: Java HotSpot(TM) 64-Bit Server VM (25.25-b02 mixed mode windows-amd64 compressed oops)
# Failed to write core dump. Minidumps are not enabled by default on client versions of Windows
#

---------------  T H R E A D  ---------------

Current thread (0x0000000006178800):  JavaThread "C2 CompilerThread0" daemon [_thread_in_native, id=6516, stack(0x00000000076e0000,0x00000000077e0000)]

Stack: [0x00000000076e0000,0x00000000077e0000]
Native frames: (J=compiled Java code, j=interpreted, Vv=VM code, C=native code)
V  [jvm.dll+0x31667a]
V  [jvm.dll+0x267073]
V  [jvm.dll+0x267cb3]
V  [jvm.dll+0x25f5b5]
V  [jvm.dll+0xbf165]
V  [jvm.dll+0xbf60c]
V  [jvm.dll+0x45d672]
V  [jvm.dll+0x49e8ef]
V  [jvm.dll+0x452b41]
V  [jvm.dll+0x453864]
V  [jvm.dll+0x437372]
V  [jvm.dll+0x98a02]
V  [jvm.dll+0x991f3]
V  [jvm.dll+0x22bde4]
V  [jvm.dll+0x2852fa]
C  [msvcr100.dll+0x21d9f]
C  [msvcr100.dll+0x21e3b]
C  [KERNEL32.DLL+0x167e]
C  [ntdll.dll+0x5d609]


Current CompileTask:
C2: 176600 2342       4       com.android.dx.ssa.back.SsaToRop::convert (99 bytes)


---------------  P R O C E S S  ---------------

Java Threads: ( => current thread )
  0x00000000029b0800 JavaThread "DestroyJavaVM" [_thread_blocked, id=2860, stack(0x00000000027d0000,0x00000000028d0000)]
  0x00000000079f8800 JavaThread "Service Thread" daemon [_thread_blocked, id=2692, stack(0x0000000007de0000,0x0000000007ee0000)]
  0x0000000006182000 JavaThread "C1 CompilerThread2" daemon [_thread_in_native, id=2936, stack(0x00000000078e0000,0x00000000079e0000)]
  0x000000000617b800 JavaThread "C2 CompilerThread1" daemon [_thread_in_native, id=5196, stack(0x00000000077e0000,0x00000000078e0000)]
=>0x0000000006178800 JavaThread "C2 CompilerThread0" daemon [_thread_in_native, id=6516, stack(0x00000000076e0000,0x00000000077e0000)]
  0x0000000006186000 JavaThread "Attach Listener" daemon [_thread_blocked, id=7880, stack(0x00000000075e0000,0x00000000076e0000)]
  0x0000000006185000 JavaThread "Signal Dispatcher" daemon [_thread_blocked, id=4904, stack(0x00000000074e0000,0x00000000075e0000)]
  0x0000000002a9f000 JavaThread "Finalizer" daemon [_thread_blocked, id=7756, stack(0x00000000073e0000,0x00000000074e0000)]
  0x0000000006148000 JavaThread "Reference Handler" daemon [_thread_blocked, id=6720, stack(0x00000000072e0000,0x00000000073e0000)]

Other Threads:
  0x0000000006146000 VMThread [stack: 0x00000000071e0000,0x00000000072e0000] [id=6200]
  0x00000000061dc000 WatcherThread [stack: 0x0000000007ee0000,0x0000000007fe0000] [id=7648]

VM state:not at safepoint (normal execution)

VM Mutex/Monitor currently owned by a thread: None

Heap:
 PSYoungGen      total 144384K, used 126628K [0x00000000eab00000, 0x00000000fdb00000, 0x0000000100000000)
  eden space 129536K, 90% used [0x00000000eab00000,0x00000000f1db2cc0,0x00000000f2980000)
  from space 14848K, 61% used [0x00000000f2980000,0x00000000f3276418,0x00000000f3800000)
  to   space 26112K, 0% used [0x00000000fc180000,0x00000000fc180000,0x00000000fdb00000)
 ParOldGen       total 86016K, used 43757K [0x00000000c0000000, 0x00000000c5400000, 0x00000000eab00000)
  object space 86016K, 50% used [0x00000000c0000000,0x00000000c2abb730,0x00000000c5400000)
 Metaspace       used 6697K, capacity 7480K, committed 7680K, reserved 1058816K
  class space    used 637K, capacity 688K, committed 768K, reserved 1048576K

Card table byte_map: [0x0000000002e70000,0x0000000003080000] byte_map_base: 0x0000000002870000

Marking Bits: (ParMarkBitMap*) 0x000000005a74d490
 Begin Bits: [0x00000000035e0000, 0x00000000045e0000)
 End Bits:   [0x00000000045e0000, 0x00000000055e0000)

Polling page: 0x00000000008f0000

CodeCache: size=245760Kb used=8675Kb max_used=10147Kb free=237084Kb
 bounds [0x000000000f010000, 0x000000000fa20000, 0x000000001e010000]
 total_blobs=2194 nmethods=1925 adapters=183
 compilation: enabled

Compilation events (10 events):
Event: 100.588 Thread 0x000000000617b800 nmethod 2339 0x000000000f376110 code [0x000000000f376320, 0x000000000f3772f0]
Event: 101.102 Thread 0x0000000006178800 2340       4       com.android.dx.util.BitIntSet::has (28 bytes)
Event: 101.102 Thread 0x000000000617b800 2341       4       com.android.dx.ssa.MoveParamCombiner::run (45 bytes)
Event: 101.103 Thread 0x0000000006178800 nmethod 2340 0x000000000f4bc6d0 code [0x000000000f4bc800, 0x000000000f4bc8b8]
Event: 101.105 Thread 0x0000000006178800 2342       4       com.android.dx.ssa.back.SsaToRop::convert (99 bytes)
Event: 101.112 Thread 0x000000000617b800 nmethod 2341 0x000000000f2a66d0 code [0x000000000f2a6860, 0x000000000f2a6d38]
Event: 101.113 Thread 0x0000000006182000 2343       3       com.android.dx.ssa.back.FirstFitLocalCombiningAllocator::fitPlanForRange (250 bytes)
Event: 101.114 Thread 0x000000000617b800 2344       4       com.android.dx.rop.cst.TypedConstant::getBasicType (8 bytes)
Event: 101.115 Thread 0x000000000617b800 nmethod 2344 0x000000000f4deb10 code [0x000000000f4dec60, 0x000000000f4decf8]
Event: 101.116 Thread 0x0000000006182000 nmethod 2343 0x000000000f8c52d0 code [0x000000000f8c5640, 0x000000000f8c7758]

GC Heap History (10 events):
Event: 11.506 GC heap before
{Heap before GC invocations=4 (full 0):
 PSYoungGen      total 35328K, used 35309K [0x00000000eab00000, 0x00000000ef000000, 0x0000000100000000)
  eden space 32768K, 100% used [0x00000000eab00000,0x00000000ecb00000,0x00000000ecb00000)
  from space 2560K, 99% used [0x00000000ecb00000,0x00000000ecd7b7a8,0x00000000ecd80000)
  to   space 2560K, 0% used [0x00000000eed80000,0x00000000eed80000,0x00000000ef000000)
 ParOldGen       total 44032K, used 8843K [0x00000000c0000000, 0x00000000c2b00000, 0x00000000eab00000)
  object space 44032K, 20% used [0x00000000c0000000,0x00000000c08a2f40,0x00000000c2b00000)
 Metaspace       used 5864K, capacity 7088K, committed 7296K, reserved 1056768K
  class space    used 557K, capacity 616K, committed 640K, reserved 1048576K
Event: 11.525 GC heap after
Heap after GC invocations=4 (full 0):
 PSYoungGen      total 68096K, used 2541K [0x00000000eab00000, 0x00000000ef000000, 0x0000000100000000)
  eden space 65536K, 0% used [0x00000000eab00000,0x00000000eab00000,0x00000000eeb00000)
  from space 2560K, 99% used [0x00000000eed80000,0x00000000eeffb7a8,0x00000000ef000000)
  to   space 2560K, 0% used [0x00000000eeb00000,0x00000000eeb00000,0x00000000eed80000)
 ParOldGen       total 44032K, used 14293K [0x00000000c0000000, 0x00000000c2b00000, 0x00000000eab00000)
  object space 44032K, 32% used [0x00000000c0000000,0x00000000c0df56f0,0x00000000c2b00000)
 Metaspace       used 5864K, capacity 7088K, committed 7296K, reserved 1056768K
  class space    used 557K, capacity 616K, committed 640K, reserved 1048576K
}
Event: 12.939 GC heap before
{Heap before GC invocations=5 (full 0):
 PSYoungGen      total 68096K, used 68077K [0x00000000eab00000, 0x00000000ef000000, 0x0000000100000000)
  eden space 65536K, 100% used [0x00000000eab00000,0x00000000eeb00000,0x00000000eeb00000)
  from space 2560K, 99% used [0x00000000eed80000,0x00000000eeffb7a8,0x00000000ef000000)
  to   space 2560K, 0% used [0x00000000eeb00000,0x00000000eeb00000,0x00000000eed80000)
 ParOldGen       total 44032K, used 14293K [0x00000000c0000000, 0x00000000c2b00000, 0x00000000eab00000)
  object space 44032K, 32% used [0x00000000c0000000,0x00000000c0df56f0,0x00000000c2b00000)
 Metaspace       used 5914K, capacity 7152K, committed 7296K, reserved 1056768K
  class space    used 558K, capacity 616K, committed 640K, reserved 1048576K
Event: 12.973 GC heap after
Heap after GC invocations=5 (full 0):
 PSYoungGen      total 68096K, used 2537K [0x00000000eab00000, 0x00000000f4500000, 0x0000000100000000)
  eden space 65536K, 0% used [0x00000000eab00000,0x00000000eab00000,0x00000000eeb00000)
  from space 2560K, 99% used [0x00000000eeb00000,0x00000000eed7a670,0x00000000eed80000)
  to   space 13312K, 0% used [0x00000000f3800000,0x00000000f3800000,0x00000000f4500000)
 ParOldGen       total 44032K, used 24464K [0x00000000c0000000, 0x00000000c2b00000, 0x00000000eab00000)
  object space 44032K, 55% used [0x00000000c0000000,0x00000000c17e4370,0x00000000c2b00000)
 Metaspace       used 5914K, capacity 7152K, committed 7296K, reserved 1056768K
  class space    used 558K, capacity 616K, committed 640K, reserved 1048576K
}
Event: 21.812 GC heap before
{Heap before GC invocations=6 (full 0):
 PSYoungGen      total 68096K, used 68073K [0x00000000eab00000, 0x00000000f4500000, 0x0000000100000000)
  eden space 65536K, 100% used [0x00000000eab00000,0x00000000eeb00000,0x00000000eeb00000)
  from space 2560K, 99% used [0x00000000eeb00000,0x00000000eed7a670,0x00000000eed80000)
  to   space 13312K, 0% used [0x00000000f3800000,0x00000000f3800000,0x00000000f4500000)
 ParOldGen       total 44032K, used 24464K [0x00000000c0000000, 0x00000000c2b00000, 0x00000000eab00000)
  object space 44032K, 55% used [0x00000000c0000000,0x00000000c17e4370,0x00000000c2b00000)
 Metaspace       used 6046K, capacity 7152K, committed 7296K, reserved 1056768K
  class space    used 577K, capacity 616K, committed 640K, reserved 1048576K
Event: 21.850 GC heap after
Heap after GC invocations=6 (full 0):
 PSYoungGen      total 142848K, used 12297K [0x00000000eab00000, 0x00000000f4800000, 0x0000000100000000)
  eden space 129536K, 0% used [0x00000000eab00000,0x00000000eab00000,0x00000000f2980000)
  from space 13312K, 92% used [0x00000000f3800000,0x00000000f4402650,0x00000000f4500000)
  to   space 14848K, 0% used [0x00000000f2980000,0x00000000f2980000,0x00000000f3800000)
 ParOldGen       total 44032K, used 24464K [0x00000000c0000000, 0x00000000c2b00000, 0x00000000eab00000)
  object space 44032K, 55% used [0x00000000c0000000,0x00000000c17e4370,0x00000000c2b00000)
 Metaspace       used 6046K, capacity 7152K, committed 7296K, reserved 1056768K
  class space    used 577K, capacity 616K, committed 640K, reserved 1048576K
}
Event: 37.981 GC heap before
{Heap before GC invocations=7 (full 0):
 PSYoungGen      total 142848K, used 141833K [0x00000000eab00000, 0x00000000f4800000, 0x0000000100000000)
  eden space 129536K, 100% used [0x00000000eab00000,0x00000000f2980000,0x00000000f2980000)
  from space 13312K, 92% used [0x00000000f3800000,0x00000000f4402650,0x00000000f4500000)
  to   space 14848K, 0% used [0x00000000f2980000,0x00000000f2980000,0x00000000f3800000)
 ParOldGen       total 44032K, used 24464K [0x00000000c0000000, 0x00000000c2b00000, 0x00000000eab00000)
  object space 44032K, 55% used [0x00000000c0000000,0x00000000c17e4370,0x00000000c2b00000)
 Metaspace       used 6081K, capacity 7216K, committed 7296K, reserved 1056768K
  class space    used 577K, capacity 616K, committed 640K, reserved 1048576K
Event: 50.856 GC heap after
Heap after GC invocations=7 (full 0):
 PSYoungGen      total 144384K, used 14827K [0x00000000eab00000, 0x00000000fdb00000, 0x0000000100000000)
  eden space 129536K, 0% used [0x00000000eab00000,0x00000000eab00000,0x00000000f2980000)
  from space 14848K, 99% used [0x00000000f2980000,0x00000000f37faf58,0x00000000f3800000)
  to   space 26112K, 0% used [0x00000000fc180000,0x00000000fc180000,0x00000000fdb00000)
 ParOldGen       total 44032K, used 41445K [0x00000000c0000000, 0x00000000c2b00000, 0x00000000eab00000)
  object space 44032K, 94% used [0x00000000c0000000,0x00000000c2879570,0x00000000c2b00000)
 Metaspace       used 6081K, capacity 7216K, committed 7296K, reserved 1056768K
  class space    used 577K, capacity 616K, committed 640K, reserved 1048576K
}
Event: 54.771 GC heap before
{Heap before GC invocations=8 (full 1):
 PSYoungGen      total 144384K, used 14827K [0x00000000eab00000, 0x00000000fdb00000, 0x0000000100000000)
  eden space 129536K, 0% used [0x00000000eab00000,0x00000000eab00000,0x00000000f2980000)
  from space 14848K, 99% used [0x00000000f2980000,0x00000000f37faf58,0x00000000f3800000)
  to   space 26112K, 0% used [0x00000000fc180000,0x00000000fc180000,0x00000000fdb00000)
 ParOldGen       total 44032K, used 41445K [0x00000000c0000000, 0x00000000c2b00000, 0x00000000eab00000)
  object space 44032K, 94% used [0x00000000c0000000,0x00000000c2879570,0x00000000c2b00000)
 Metaspace       used 6081K, capacity 7216K, committed 7296K, reserved 1056768K
  class space    used 577K, capacity 616K, committed 640K, reserved 1048576K
Event: 57.796 GC heap after
Heap after GC invocations=8 (full 1):
 PSYoungGen      total 144384K, used 9177K [0x00000000eab00000, 0x00000000fdb00000, 0x0000000100000000)
  eden space 129536K, 0% used [0x00000000eab00000,0x00000000eab00000,0x00000000f2980000)
  from space 14848K, 61% used [0x00000000f2980000,0x00000000f3276418,0x00000000f3800000)
  to   space 26112K, 0% used [0x00000000fc180000,0x00000000fc180000,0x00000000fdb00000)
 ParOldGen       total 86016K, used 43757K [0x00000000c0000000, 0x00000000c5400000, 0x00000000eab00000)
  object space 86016K, 50% used [0x00000000c0000000,0x00000000c2abb730,0x00000000c5400000)
 Metaspace       used 6081K, capacity 7216K, committed 7296K, reserved 1056768K
  class space    used 577K, capacity 616K, committed 640K, reserved 1048576K
}

Deoptimization events (10 events):
Event: 28.591 Thread 0x00000000029b0800 Uncommon trap: reason=bimorphic action=maybe_recompile pc=0x000000000f53d3d4 method=com.android.dx.ssa.SCCP.setLatticeValueTo(IILcom/android/dx/rop/cst/Constant;)Z @ 43
Event: 31.662 Thread 0x00000000029b0800 Uncommon trap: reason=unreached action=reinterpret pc=0x000000000f9bf24c method=com.android.dx.cf.code.BytecodeArray.parseInstruction(ILcom/android/dx/cf/code/BytecodeArray$Visitor;)I @ 1261
Event: 62.870 Thread 0x00000000029b0800 Uncommon trap: reason=bimorphic action=maybe_recompile pc=0x000000000f24f7bc method=com.android.dx.cf.code.BytecodeArray.parseInstruction(ILcom/android/dx/cf/code/BytecodeArray$Visitor;)I @ 1161
Event: 62.870 Thread 0x00000000029b0800 Uncommon trap: reason=bimorphic action=maybe_recompile pc=0x000000000f24f390 method=com.android.dx.cf.code.BytecodeArray.parseInstruction(ILcom/android/dx/cf/code/BytecodeArray$Visitor;)I @ 955
Event: 62.870 Thread 0x00000000029b0800 Uncommon trap: reason=bimorphic action=maybe_recompile pc=0x000000000f24f418 method=com.android.dx.cf.code.BytecodeArray.parseInstruction(ILcom/android/dx/cf/code/BytecodeArray$Visitor;)I @ 971
Event: 62.870 Thread 0x00000000029b0800 Uncommon trap: reason=bimorphic action=maybe_recompile pc=0x000000000f24f4a0 method=com.android.dx.cf.code.BytecodeArray.parseInstruction(ILcom/android/dx/cf/code/BytecodeArray$Visitor;)I @ 987
Event: 62.871 Thread 0x00000000029b0800 Uncommon trap: reason=bimorphic action=maybe_recompile pc=0x000000000f24f7bc method=com.android.dx.cf.code.BytecodeArray.parseInstruction(ILcom/android/dx/cf/code/BytecodeArray$Visitor;)I @ 1161
Event: 79.845 Thread 0x00000000029b0800 Uncommon trap: reason=class_check action=maybe_recompile pc=0x000000000f8bf9f0 method=com.android.dx.ssa.ConstCollector.getConstsSortedByCountUse()Ljava/util/ArrayList; @ 331
Event: 96.720 Thread 0x00000000029b0800 Uncommon trap: reason=unreached action=reinterpret pc=0x000000000f611d20 method=com.android.dx.rop.code.LocalItem.compareHandlesNulls(Lcom/android/dx/rop/cst/CstString;Lcom/android/dx/rop/cst/CstString;)I @ 14
Event: 96.968 Thread 0x00000000029b0800 Uncommon trap: reason=unreached action=reinterpret pc=0x000000000f63c28c method=com.android.dx.rop.code.LocalItem.compareHandlesNulls(Lcom/android/dx/rop/cst/CstString;Lcom/android/dx/rop/cst/CstString;)I @ 14

Internal exceptions (10 events):
Event: 6.752 Thread 0x00000000029b0800 Exception <a 'java/security/PrivilegedActionException'> (0x00000000eacfec20) thrown at [D:\re\workspace\8-2-build-windows-amd64-cygwin\jdk8u25\1677\hotspot\src\share\vm\prims\jvm.cpp, line 1312]
Event: 10.090 Thread 0x00000000029b0800 Implicit null exception at 0x000000000f535062 to 0x000000000f535152
Event: 10.728 Thread 0x00000000029b0800 Exception <a 'java/security/PrivilegedActionException'> (0x00000000eaf679f0) thrown at [D:\re\workspace\8-2-build-windows-amd64-cygwin\jdk8u25\1677\hotspot\src\share\vm\prims\jvm.cpp, line 1312]
Event: 11.884 Thread 0x00000000029b0800 Exception <a 'java/security/PrivilegedActionException'> (0x00000000ec0718f0) thrown at [D:\re\workspace\8-2-build-windows-amd64-cygwin\jdk8u25\1677\hotspot\src\share\vm\prims\jvm.cpp, line 1312]
Event: 17.374 Thread 0x00000000029b0800 Exception <a 'java/lang/ArrayIndexOutOfBoundsException': 18> (0x00000000ec72eb88) thrown at [D:\re\workspace\8-2-build-windows-amd64-cygwin\jdk8u25\1677\hotspot\src\share\vm\interpreter\interpreterRuntime.cpp, line 366]
Event: 17.375 Thread 0x00000000029b0800 Exception <a 'java/lang/ArrayIndexOutOfBoundsException'> (0x00000000ec730620) thrown at [D:\re\workspace\8-2-build-windows-amd64-cygwin\jdk8u25\1677\hotspot\src\share\vm\runtime\sharedRuntime.cpp, line 604]
Event: 19.409 Thread 0x00000000029b0800 Exception <a 'java/lang/ArrayIndexOutOfBoundsException'> (0x00000000ec731838) thrown at [D:\re\workspace\8-2-build-windows-amd64-cygwin\jdk8u25\1677\hotspot\src\share\vm\runtime\sharedRuntime.cpp, line 604]
Event: 20.671 Thread 0x00000000029b0800 Exception <a 'java/security/PrivilegedActionException'> (0x00000000ecd5b838) thrown at [D:\re\workspace\8-2-build-windows-amd64-cygwin\jdk8u25\1677\hotspot\src\share\vm\prims\jvm.cpp, line 1312]
Event: 96.720 Thread 0x00000000029b0800 Implicit null exception at 0x000000000f610c65 to 0x000000000f611d11
Event: 96.968 Thread 0x00000000029b0800 Implicit null exception at 0x000000000f63ada1 to 0x000000000f63c26d

Events (10 events):
Event: 100.553 Thread 0x0000000006182000 flushing nmethod 0x000000000f45ff50
Event: 100.563 Thread 0x0000000006182000 flushing nmethod 0x000000000f47fc50
Event: 100.563 Thread 0x0000000006182000 flushing nmethod 0x000000000f4be050
Event: 100.588 Thread 0x000000000617b800 flushing nmethod 0x000000000f4f4c50
Event: 100.588 Thread 0x000000000617b800 flushing nmethod 0x000000000f578b50
Event: 101.103 Thread 0x0000000006178800 flushing nmethod 0x000000000f600f50
Event: 101.112 Thread 0x000000000617b800 flushing nmethod 0x000000000f659c50
Event: 101.117 Thread 0x0000000006182000 flushing nmethod 0x000000000f80c590
Event: 101.117 Thread 0x0000000006182000 flushing nmethod 0x000000000f86eb50
Event: 101.117 Thread 0x0000000006182000 flushing nmethod 0x000000000f893090


Dynamic libraries:
0x000007f6f1de0000 - 0x000007f6f1e14000 	C:\Program Files\Java\jdk1.8.0_25\bin\java.exe
0x000007fb3b270000 - 0x000007fb3b430000 	C:\Windows\SYSTEM32\ntdll.dll
0x000007fb394a0000 - 0x000007fb395d6000 	C:\Windows\system32\KERNEL32.DLL
0x000007fb381d0000 - 0x000007fb382c3000 	C:\Windows\system32\KERNELBASE.dll
0x000007fb38810000 - 0x000007fb388ee000 	C:\Windows\system32\ADVAPI32.dll
0x000007fb38d90000 - 0x000007fb38edc000 	C:\Windows\system32\USER32.dll
0x000007fb360b0000 - 0x000007fb3631a000 	C:\Windows\WinSxS\amd64_microsoft.windows.common-controls_6595b64144ccf1df_6.0.9200.16579_none_418ab7ef718b27ef\COMCTL32.dll
0x000007fb393f0000 - 0x000007fb39495000 	C:\Windows\system32\msvcrt.dll
0x000007fb3ade0000 - 0x000007fb3ae28000 	C:\Windows\SYSTEM32\sechost.dll
0x000007fb388f0000 - 0x000007fb38a30000 	C:\Windows\system32\RPCRT4.dll
0x000007fb3a9d0000 - 0x000007fb3ab10000 	C:\Windows\system32\GDI32.dll
0x000007fb390c0000 - 0x000007fb390f9000 	C:\Windows\system32\IMM32.DLL
0x000007fb38c70000 - 0x000007fb38d85000 	C:\Windows\system32\MSCTF.dll
0x000007fb380b0000 - 0x000007fb380e1000 	C:\Windows\system32\nvinitx.dll
0x000000000f000000 - 0x000000000f006000 	C:\Program Files\NVIDIA Corporation\CoProcManager\_etoured.dll
0x000007fb357e0000 - 0x000007fb35812000 	C:\Program Files\NVIDIA Corporation\CoProcManager\nvd3d9wrapx.dll
0x000007fb38ee0000 - 0x000007fb390b0000 	C:\Windows\system32\SETUPAPI.dll
0x000007fb38500000 - 0x000007fb3854f000 	C:\Windows\system32\CFGMGR32.dll
0x000007fb382f0000 - 0x000007fb38312000 	C:\Windows\system32\DEVOBJ.dll
0x000007fb35d90000 - 0x000007fb35db2000 	C:\Program Files\NVIDIA Corporation\CoProcManager\nvdxgiwrapx.dll
0x0000000059c90000 - 0x0000000059d62000 	C:\Program Files\Java\jdk1.8.0_25\jre\bin\msvcr100.dll
0x0000000059f70000 - 0x000000005a7ca000 	C:\Program Files\Java\jdk1.8.0_25\jre\bin\server\jvm.dll
0x000007fb36b90000 - 0x000007fb36b99000 	C:\Windows\SYSTEM32\WSOCK32.dll
0x000007fb34ff0000 - 0x000007fb35010000 	C:\Windows\SYSTEM32\WINMM.dll
0x000007fb390b0000 - 0x000007fb390b7000 	C:\Windows\system32\PSAPI.DLL
0x000007fb3ad60000 - 0x000007fb3adb8000 	C:\Windows\system32\WS2_32.dll
0x000007fb34b20000 - 0x000007fb34b52000 	C:\Windows\SYSTEM32\WINMMBASE.dll
0x000007fb39100000 - 0x000007fb39109000 	C:\Windows\system32\NSI.dll
0x000000005ab10000 - 0x000000005ab1f000 	C:\Program Files\Java\jdk1.8.0_25\jre\bin\verify.dll
0x000000005aae0000 - 0x000000005ab08000 	C:\Program Files\Java\jdk1.8.0_25\jre\bin\java.dll
0x000000005aac0000 - 0x000000005aad6000 	C:\Program Files\Java\jdk1.8.0_25\jre\bin\zip.dll
0x000007fb39640000 - 0x000007fb3a925000 	C:\Windows\system32\SHELL32.dll
0x000007fb38660000 - 0x000007fb38810000 	C:\Windows\SYSTEM32\combase.dll
0x000007fb39110000 - 0x000007fb39160000 	C:\Windows\system32\SHLWAPI.dll
0x000007fb37200000 - 0x000007fb37296000 	C:\Windows\SYSTEM32\SHCORE.dll
0x000007fb38190000 - 0x000007fb381a5000 	C:\Windows\system32\profapi.dll
0x000007fb2ce30000 - 0x000007fb2cf93000 	C:\Windows\SYSTEM32\dbghelp.dll

VM Arguments:
jvm_args: -Xmx1024M -Dfile.encoding=windows-1252 -Duser.country=US -Duser.language=en -Duser.variant 
java_command: com.android.dx.command.Main --dex --output C:\Users\Chakshu\AndroidStudioProjects\distbwpointseditnew\app\build\intermediates\pre-dexed\debug\classes-2cfe6aebf7f060d043e76acc3dec35f846096cdd.jar C:\Users\Chakshu\AndroidStudioProjects\distbwpointseditnew\app\build\intermediates\exploded-aar\com.android.support\support-v4\23.0.0\jars\classes.jar
java_class_path (initial): C:\Users\Chakshu\AppData\Local\Android\sdk\build-tools\21.1.2\lib\dx.jar
Launcher Type: SUN_STANDARD

Environment Variables:
JAVA_HOME=C:\Program Files\Java\jdk1.8.0_25
PATH=C:\Program Files (x86)\EasyPHP-DevServer-14.1VC9\binaries\php\php_runningversion;C:\ProgramData\Oracle\Java\javapath;C:\Program Files (x86)\NVIDIA Corporation\PhysX\Common;C:\Windows\system32;C:\Windows;C:\Windows\System32\Wbem;C:\Windows\System32\WindowsPowerShell\v1.0\;C:\Program Files\Microsoft\Web Platform Installer\;C:\Program Files (x86)\Microsoft ASP.NET\ASP.NET Web Pages\v1.0\;C:\Program Files (x86)\Windows Kits\8.0\Windows Performance Toolkit\;C:\Program Files\Microsoft SQL Server\110\Tools\Binn\
USERNAME=Divyanshu
OS=Windows_NT
PROCESSOR_IDENTIFIER=Intel64 Family 6 Model 42 Stepping 7, GenuineIntel



---------------  S Y S T E M  ---------------

OS: Windows 8 , 64 bit Build 9200 

CPU:total 4 (2 cores per cpu, 2 threads per core) family 6 model 42 stepping 7, cmov, cx8, fxsr, mmx, sse, sse2, sse3, ssse3, sse4.1, sse4.2, popcnt, avx, aes, clmul, ht, tsc, tscinvbit

Memory: 4k page, physical 4099244k(1088188k free), swap 9427136k(1538360k free)

vm_info: Java HotSpot(TM) 64-Bit Server VM (25.25-b02) for windows-amd64 JRE (1.8.0_25-b18), built on Oct  7 2014 14:25:37 by "java_re" with MS VC++ 10.0 (VS2010)

time: Mon Nov 02 02:00:25 2015
elapsed time: 177 seconds (0d 0h 2m 57s)

